29/01/2024 23:15:08: Loading configurations...
29/01/2024 23:15:08: Please set your access token in './files/conf.json' file
29/01/2024 23:15:08: For more info visit this link: https://youtu.be/uHOz7BSPXCo
29/01/2024 23:27:36: Loading configurations...
29/01/2024 23:59:29: Loading configurations...
30/01/2024 00:05:24: Loading configurations...
30/01/2024 00:05:39: Loading configurations...
30/01/2024 00:05:56: Starting...
30/01/2024 00:09:16: Fetching...
30/01/2024 00:09:21: 2 : https://twitter.com/1337FIL/status/1752081577796829659
30/01/2024 00:09:21: 3 : https://twitter.com/1337FIL/status/1752018755725426735
30/01/2024 00:09:22: 4 : https://twitter.com/akasec_1337
30/01/2024 00:09:22: 5 : https://twitter.com/1337FIL/status/1750251753977585930
30/01/2024 00:09:23: 6 : https://twitter.com/1337FIL/status/1749556709725511765
30/01/2024 00:09:23: 7 : https://twitter.com/1337FIL/status/1748280838003830991
30/01/2024 00:09:23: 8 : https://twitter.com/1337FIL/status/1747935797574025716
30/01/2024 00:09:24: 9 : https://twitter.com/1337FIL
30/01/2024 00:09:24: 10 : https://twitter.com/1337FIL
30/01/2024 00:09:25: 11 : https://twitter.com/42Network
30/01/2024 00:09:25: 12 : https://twitter.com/1337FIL/status/1747020898605859282
30/01/2024 00:09:26: 13 : https://twitter.com/1337FIL/status/1746989751700250708
30/01/2024 00:09:27: 14 : https://twitter.com/1337FIL/status/1746259754853208501
30/01/2024 00:09:27: 15 : https://twitter.com/1337FIL/status/1745866632407253167
30/01/2024 00:09:28: 16 : https://twitter.com/1337FIL/status/1745115772421087462
30/01/2024 00:09:28: 17 : https://twitter.com/1337FIL/status/1744448771369415041
30/01/2024 00:09:29: 18 : https://twitter.com/1337FIL/status/1743383989274992672
30/01/2024 00:09:29: 19 : https://twitter.com/1337FIL/status/1742164855648309560
30/01/2024 00:12:57: Loading configurations...
30/01/2024 00:13:05: Starting...
30/01/2024 00:14:03: Loading configurations...
30/01/2024 00:14:13: Starting...
30/01/2024 00:14:54: Fetching...
30/01/2024 00:14:58: 2 : https://twitter.com/1337FIL/status/1752081577796829659
30/01/2024 00:14:59: 3 : https://twitter.com/1337FIL/status/1752018755725426735
30/01/2024 00:14:59: 4 : https://twitter.com/akasec_1337
30/01/2024 00:15:00: 5 : https://twitter.com/1337FIL/status/1750251753977585930
30/01/2024 00:15:01: 6 : https://twitter.com/1337FIL/status/1749556709725511765
30/01/2024 00:15:01: Saving...
30/01/2024 00:19:57: Loading configurations...
30/01/2024 00:20:07: Starting...
30/01/2024 00:20:19: Fetching...
30/01/2024 00:20:23: 2 : https://twitter.com/shh_ji20/status/1751550306792693895
30/01/2024 00:20:24: 3 : https://twitter.com/JulieMarier2024/status/1751644805346754860
30/01/2024 00:20:25: 4 : https://twitter.com/MEHMET20439571/status/1751884041819721861
30/01/2024 00:20:26: 5 : https://twitter.com/Dorktya/status/1751941597212602835
30/01/2024 00:20:27: 6 : https://twitter.com/ov3rit247/status/1751953960137544180
30/01/2024 00:20:28: 7 : https://twitter.com/Mukhtar98041282/status/1752106113074422020
30/01/2024 00:20:28: Saving...
30/01/2024 00:21:54: Loading configurations...
30/01/2024 00:22:04: Starting...
30/01/2024 00:23:20: Fetching...
30/01/2024 00:23:25: 2 : https://twitter.com/shh_ji20/status/1751550306792693895
30/01/2024 00:23:26: 3 : https://twitter.com/JulieMarier2024/status/1751644805346754860
30/01/2024 00:23:26: 4 : https://twitter.com/Dorktya/status/1751941597212602835
30/01/2024 00:23:27: 5 : https://twitter.com/MEHMET20439571/status/1751884041819721861
30/01/2024 00:23:28: 6 : https://twitter.com/ov3rit247/status/1751953960137544180
30/01/2024 00:23:28: 7 : https://twitter.com/Mariam20207/status/1751817123184173305
30/01/2024 00:23:28: Saving...
31/01/2024 12:54:40: Loading configurations...
31/01/2024 12:54:50: Starting...
31/01/2024 12:55:02: Fetching...
31/01/2024 12:55:04: 2 : https://twitter.com/bbelderbos/status/1752643358135128295
31/01/2024 12:55:05: 3 : https://twitter.com/RealBenjizo/status/1752382710801141952
31/01/2024 12:55:05: 4 : https://twitter.com/ramitsawhney/status/1752576804370452896
31/01/2024 12:55:05: 5 : https://twitter.com/emiko_dev/status/1752558647446564904
31/01/2024 12:55:05: 6 : https://twitter.com/Eyowhite3/status/1752654376529707241
31/01/2024 12:55:05: Saving...
31/01/2024 13:34:36: Fetching...
31/01/2024 13:37:10: Fetching...
31/01/2024 13:44:24: Fetching...
31/01/2024 13:48:43: Fetching...
31/01/2024 13:53:02: Fetching...
31/01/2024 14:04:15: Fetching...
31/01/2024 14:06:05: Fetching...
31/01/2024 14:35:07: Fetching...
31/01/2024 14:43:14: Fetching...
31/01/2024 15:03:00: Loading configurations...
31/01/2024 15:03:12: Starting...
31/01/2024 15:03:13: Fetching...
31/01/2024 15:03:16: 2 : https://twitter.com/fahad_s_ali/status/1752662469162737898
31/01/2024 15:04:37: Loading configurations...
31/01/2024 15:04:56: Starting...
31/01/2024 15:04:57: Fetching...
31/01/2024 15:05:01: 2 : https://twitter.com/british_fellow/status/1752321595794739476
31/01/2024 15:05:01: 3 : https://twitter.com/embersunn/status/1751993948669702187
31/01/2024 15:05:01: 4 : https://twitter.com/clcoding/status/1752149769609470211
31/01/2024 15:05:02: 5 : https://twitter.com/clcoding/status/1752519785324089618
31/01/2024 15:05:02: 6 : https://twitter.com/freeCodeCamp/status/1751954269975044144
31/01/2024 15:05:03: 7 : https://twitter.com/DanKornas/status/1751235901533909399
31/01/2024 15:05:03: Saving...
31/01/2024 16:44:36: Loading configurations...
31/01/2024 17:40:09: Loading configurations...
31/01/2024 22:53:58: Loading configurations...
31/01/2024 22:57:44: Loading configurations...
31/01/2024 22:57:47: Loading configurations...
31/01/2024 22:57:54: Starting...
31/01/2024 22:57:55: Fetching...
31/01/2024 22:57:57: Starting...
31/01/2024 22:57:58: Fetching...
31/01/2024 22:57:59: 2 : https://twitter.com/GergelyOrosz/status/1752730099365867881
31/01/2024 22:58:00: 3 : https://twitter.com/Joe_brendan_/status/1752738522581369233
31/01/2024 22:58:00: 4 : https://twitter.com/Abmankendrick/status/1752612473096614261
31/01/2024 22:58:01: 5 : https://twitter.com/Nelsonyolemi1/status/1752656628493476044
31/01/2024 22:58:01: 6 : https://twitter.com/Abmankendrick/status/1752726193864941691
31/01/2024 22:58:01: 2 : https://twitter.com/tekbog/status/1752760357368578286
31/01/2024 22:58:02: 7 : https://twitter.com/github/status/1752458943245189120
31/01/2024 22:58:02: Saving...
31/01/2024 22:58:02: 3 : https://twitter.com/aptlearn_io/status/1752744708051186148
31/01/2024 22:58:02: 4 : https://twitter.com/java_des2/status/1752772185280721188
31/01/2024 22:58:03: 5 : https://twitter.com/PMinborg/status/1752746088467939797
31/01/2024 22:58:03: 6 : https://twitter.com/trunarla/status/1750653297906925836
31/01/2024 22:58:04: 7 : https://twitter.com/meralune/status/1752813359098110111
31/01/2024 22:58:04: Saving...
31/01/2024 23:01:37: Loading configurations...
31/01/2024 23:01:46: Starting...
31/01/2024 23:01:47: Fetching...
31/01/2024 23:01:52: 2 : https://twitter.com/tekbog/status/1752760357368578286
31/01/2024 23:01:52: 3 : https://twitter.com/aptlearn_io/status/1752744708051186148
31/01/2024 23:01:53: 4 : https://twitter.com/java_des2/status/1752772185280721188
31/01/2024 23:01:54: 5 : https://twitter.com/PMinborg/status/1752746088467939797
31/01/2024 23:01:54: 6 : https://twitter.com/trunarla/status/1750653297906925836
31/01/2024 23:01:55: 7 : https://twitter.com/WumpaBro/status/1752723327464931331
31/01/2024 23:01:55: Saving...
31/01/2024 23:02:39: Loading configurations...
31/01/2024 23:03:00: Loading configurations...
31/01/2024 23:03:09: Starting...
31/01/2024 23:03:10: Fetching...
31/01/2024 23:03:14: 2 : https://twitter.com/ecomarxi/status/1752775833993761221
31/01/2024 23:03:15: 3 : https://twitter.com/readbyuna/status/1752754220154159551
31/01/2024 23:03:15: 4 : https://twitter.com/missfalsteenia/status/1752780208497627539
31/01/2024 23:03:16: 5 : https://twitter.com/sitcomabed/status/1752734848253591595
31/01/2024 23:03:16: 6 : https://twitter.com/plagueprose/status/1752794149814730882
31/01/2024 23:03:17: 7 : https://twitter.com/bioloveds/status/1752791723644973313
31/01/2024 23:03:17: Saving...
31/01/2024 23:27:32: Loading configurations...
31/01/2024 23:27:48: Starting...
31/01/2024 23:27:49: Fetching...
31/01/2024 23:27:53: 2 : https://twitter.com/tekbog/status/1752760357368578286
31/01/2024 23:27:54: 3 : https://twitter.com/java_des2/status/1752772185280721188
31/01/2024 23:27:54: 4 : https://twitter.com/aptlearn_io/status/1752744708051186148
31/01/2024 23:31:19: Loading configurations...
31/01/2024 23:31:28: Starting...
31/01/2024 23:31:29: Fetching...
31/01/2024 23:31:33: 2 : https://twitter.com/TeaPainUSA/status/1752719911334322530
31/01/2024 23:31:34: 3 : https://twitter.com/Alissa4TheUSA/status/1752797500312862740
31/01/2024 23:31:34: 4 : https://twitter.com/Esralshikh/status/1752807641099751437
31/01/2024 23:31:35: 5 : https://twitter.com/RabbitLoversUSA/status/1752742504179630566
31/01/2024 23:31:36: 6 : https://twitter.com/AncestralVril/status/1752747285488738404
31/01/2024 23:31:36: 7 : https://twitter.com/Alissa4TheUSA/status/1752811367457771567
31/01/2024 23:31:36: Saving...
31/01/2024 23:32:36: Loading configurations...
31/01/2024 23:32:46: Starting...
31/01/2024 23:32:47: Fetching...
31/01/2024 23:32:50: 5 : https://twitter.com/toluwani_ft/status/1752658903295242740
31/01/2024 23:32:50: 6 : https://twitter.com/trunarla/status/1750653297906925836
31/01/2024 23:32:51: 7 : https://twitter.com/WumpaBro/status/1752723327464931331
31/01/2024 23:32:51: Saving...
31/01/2024 23:32:51: 2 : https://twitter.com/Esralshikh/status/1752807641099751437
31/01/2024 23:32:52: 3 : https://twitter.com/RabbitLoversUSA/status/1752742504179630566
31/01/2024 23:32:52: 4 : https://twitter.com/TeaPainUSA/status/1752719911334322530
31/01/2024 23:32:53: 5 : https://twitter.com/Alissa4TheUSA/status/1752797500312862740
31/01/2024 23:32:53: 6 : https://twitter.com/AncestralVril/status/1752747285488738404
31/01/2024 23:32:54: 7 : https://twitter.com/JimBrowning11/status/1752781332265238958
31/01/2024 23:32:54: Saving...
31/01/2024 23:34:56: Loading configurations...
31/01/2024 23:35:07: Starting...
31/01/2024 23:35:08: Fetching...
31/01/2024 23:35:13: 2 : https://twitter.com/MacFarlaneNews/status/1752822314373181862
31/01/2024 23:35:14: 3 : https://twitter.com/Esralshikh/status/1752807641099751437
31/01/2024 23:35:14: 4 : https://twitter.com/AncestralVril/status/1752747285488738404
31/01/2024 23:35:15: 5 : https://twitter.com/Alissa4TheUSA/status/1752797500312862740
31/01/2024 23:35:16: 6 : https://twitter.com/RabbitLoversUSA/status/1752742504179630566
31/01/2024 23:35:16: 7 : https://twitter.com/TeaPainUSA/status/1752719911334322530
31/01/2024 23:35:16: Saving...
31/01/2024 23:39:48: Loading configurations...
31/01/2024 23:39:59: Starting...
31/01/2024 23:40:00: Fetching...
31/01/2024 23:40:05: 2 : https://twitter.com/BooksTeaFilms/status/1752820403842494913
31/01/2024 23:40:06: 3 : https://twitter.com/Kaju_Nut/status/1752751823134589021
31/01/2024 23:40:08: 4 : https://twitter.com/MichellCClark/status/1752810263068246297
31/01/2024 23:40:09: 5 : https://twitter.com/rosannasart/status/1752811290328695053
31/01/2024 23:40:09: 6 : https://twitter.com/mychal3ts/status/1752768207335915704
31/01/2024 23:40:10: 7 : https://twitter.com/probnstat/status/1752792618323579360
31/01/2024 23:40:10: Saving...
31/01/2024 23:44:10: Loading configurations...
31/01/2024 23:44:18: Starting...
31/01/2024 23:44:19: Fetching...
31/01/2024 23:44:21: 2 : https://twitter.com/mehdirhasan/status/1752678395840741645
31/01/2024 23:44:22: 3 : https://twitter.com/ask_aubry/status/1752711667371081961
31/01/2024 23:44:22: 4 : https://twitter.com/MintPressNews/status/1752756909239570782
31/01/2024 23:44:22: 5 : https://twitter.com/mysakh/status/1752338935265501538
31/01/2024 23:44:22: 6 : https://twitter.com/muntazer_zaidi/status/1752822264737755557
31/01/2024 23:44:22: 7 : https://twitter.com/georgediano/status/1752758151143666060
31/01/2024 23:44:22: Saving...
31/01/2024 23:55:07: Loading configurations...
31/01/2024 23:55:14: Starting...
31/01/2024 23:55:14: Fetching...
31/01/2024 23:55:17: 2 : https://twitter.com/Quranconnect_/status/1752781414582362168
31/01/2024 23:55:17: 3 : https://twitter.com/Marriage_Islam/status/1752796845540098308
31/01/2024 23:55:18: 4 : https://twitter.com/islamicize/status/1752693932020924878
31/01/2024 23:55:18: 5 : https://twitter.com/AllahGreatQuran/status/1752693214694277213
31/01/2024 23:55:18: 6 : https://twitter.com/BifolaX/status/1752763752485642746
31/01/2024 23:55:18: 7 : https://twitter.com/AllahGreatQuran/status/1752723412345053211
31/01/2024 23:55:18: Saving...
